<?xml version="1.0" encoding="UTF-8"?>
<!-- Generated by org.testng.reporters.JUnitXMLReporter -->
<testsuite ignored="0" hostname="DESKTOP-ALV36G3" failures="0" tests="1" name="Default test" time="0.301" errors="0" timestamp="2024-12-17T15:59:42 IST">
  <testcase classname="coverFoxTest.TC1234_CoverFox_ValidateBannerCount" name="@BeforeClass openApplication" time="0.053">
    <failure type="java.lang.Error" message="Unresolved compilation problems: 
	The method log(String, boolean) is undefined for the type Reporter
	The method log(String, boolean) is undefined for the type Reporter
">
      <![CDATA[java.lang.Error: Unresolved compilation problems: 
The method log(String, boolean) is undefined for the type Reporter
The method log(String, boolean) is undefined for the type Reporter

at coverFoxBase.Base.launchBrowser(Base.java:23)
at coverFoxTest.TC1234_CoverFox_ValidateBannerCount.openApplication(TC1234_CoverFox_ValidateBannerCount.java:31)
at java.base/jdk.internal.reflect.DirectMethodHandleAccessor.invoke(DirectMethodHandleAccessor.java:103)
at java.base/java.lang.reflect.Method.invoke(Method.java:580)
at org.testng.internal.invokers.MethodInvocationHelper.invokeMethod(MethodInvocationHelper.java:141)
at org.testng.internal.invokers.MethodInvocationHelper.invokeMethodConsideringTimeout(MethodInvocationHelper.java:71)
at org.testng.internal.invokers.ConfigInvoker.invokeConfigurationMethod(ConfigInvoker.java:400)
at org.testng.internal.invokers.ConfigInvoker.invokeConfigurations(ConfigInvoker.java:333)
at org.testng.internal.invokers.TestMethodWorker.invokeBeforeClassMethods(TestMethodWorker.java:188)
at org.testng.internal.invokers.TestMethodWorker.run(TestMethodWorker.java:128)
at java.base/java.util.ArrayList.forEach(ArrayList.java:1597)
at org.testng.TestRunner.privateRun(TestRunner.java:739)
at org.testng.TestRunner.run(TestRunner.java:614)
at org.testng.SuiteRunner.runTest(SuiteRunner.java:421)
at org.testng.SuiteRunner.runSequentially(SuiteRunner.java:413)
at org.testng.SuiteRunner.privateRun(SuiteRunner.java:373)
at org.testng.SuiteRunner.run(SuiteRunner.java:312)
at org.testng.SuiteRunnerWorker.runSuite(SuiteRunnerWorker.java:52)
at org.testng.SuiteRunnerWorker.run(SuiteRunnerWorker.java:95)
at org.testng.TestNG.runSuitesSequentially(TestNG.java:1274)
at org.testng.TestNG.runSuitesLocally(TestNG.java:1208)
at org.testng.TestNG.runSuites(TestNG.java:1112)
at org.testng.TestNG.run(TestNG.java:1079)
at org.testng.remote.AbstractRemoteTestNG.run(AbstractRemoteTestNG.java:115)
at org.testng.remote.RemoteTestNG.initAndRun(RemoteTestNG.java:293)
at org.testng.remote.RemoteTestNG.main(RemoteTestNG.java:91)
]]>
    </failure>
  </testcase> <!-- @BeforeClass openApplication -->
  <testcase classname="coverFoxTest.TC1234_CoverFox_ValidateBannerCount" name="@BeforeMethod enterDetails" time="0.0">
    <skipped/>
  </testcase> <!-- @BeforeMethod enterDetails -->
  <testcase classname="coverFoxTest.TC1234_CoverFox_ValidateBannerCount" name="@AfterClass closeApplication" time="0.0">
    <skipped/>
  </testcase> <!-- @AfterClass closeApplication -->
  <testcase classname="coverFoxTest.TC1234_CoverFox_ValidateBannerCount" name="validatePolicyCount" time="0.001">
    <skipped/>
  </testcase> <!-- validatePolicyCount -->
</testsuite> <!-- Default test -->
